<?xml version="1.0" encoding="UTF-8"?>
<testng-results ignored="0" total="2" passed="2" failed="0" skipped="0">
  <reporter-output>
  </reporter-output>
  <suite started-at="2024-08-28T15:04:42 IST" name="Default suite" finished-at="2024-08-28T15:05:10 IST" duration-ms="27288">
    <groups>
    </groups>
    <test started-at="2024-08-28T15:04:42 IST" name="Default test" finished-at="2024-08-28T15:05:10 IST" duration-ms="27288">
      <class name="com.AmazonDemo.DataProviderDemo">
        <test-method signature="AmazonLogin(java.lang.String,java.lang.String)[pri:0, instance:com.AmazonDemo.DataProviderDemo@537f60bf]" started-at="2024-08-28T15:04:42 IST" name="AmazonLogin" data-provider="amazonLoginTestData" finished-at="2024-08-28T15:04:57 IST" duration-ms="14445" status="PASS">
          <params>
            <param index="0">
              <value>
                <![CDATA[8483860062]]>
              </value>
            </param>
            <param index="1">
              <value>
                <![CDATA[Manu@123]]>
              </value>
            </param>
          </params>
          <reporter-output>
          </reporter-output>
        </test-method> <!-- AmazonLogin -->
        <test-method signature="AmazonLogin(java.lang.String,java.lang.String)[pri:0, instance:com.AmazonDemo.DataProviderDemo@537f60bf]" started-at="2024-08-28T15:04:57 IST" name="AmazonLogin" data-provider="amazonLoginTestData" finished-at="2024-08-28T15:05:10 IST" duration-ms="12751" status="PASS">
          <params>
            <param index="0">
              <value>
                <![CDATA[8483860062]]>
              </value>
            </param>
            <param index="1">
              <value>
                <![CDATA[Manu@124]]>
              </value>
            </param>
          </params>
          <reporter-output>
          </reporter-output>
        </test-method> <!-- AmazonLogin -->
      </class> <!-- com.AmazonDemo.DataProviderDemo -->
    </test> <!-- Default test -->
  </suite> <!-- Default suite -->
</testng-results>
